[2021-08-27 15:07:30.977] [info]  event of on fucous
[2021-08-27 15:07:35.009] [info]  app_version 0.0.2
[2021-08-27 15:07:37.588] [info]  event of on blue
[2021-08-27 15:07:58.478] [info]  event of on fucous
[2021-08-27 15:08:01.474] [info]  event of on blue
[2021-08-27 15:16:29.315] [info]  event of on fucous
[2021-08-27 15:16:52.555] [info]  event of on fucous
[2021-08-27 15:16:53.110] [info]  app_version 0.0.2
[2021-08-27 15:16:55.145] [info]  event of on blue
[2021-08-27 15:18:04.926] [info]  event of on fucous
[2021-08-27 15:18:23.022] [info]  event of on fucous
[2021-08-27 15:18:23.624] [info]  app_version 0.0.2
[2021-08-27 15:18:24.857] [info]  event of on blue
[2021-08-27 15:23:49.226] [info]  event of on fucous
[2021-08-27 15:24:55.071] [info]  event of on fucous
[2021-08-27 15:24:55.525] [info]  app_version 0.0.2
[2021-08-27 15:24:56.643] [info]  event of on blue
[2021-08-27 15:34:07.037] [info]  event of on fucous
[2021-08-27 15:34:25.670] [info]  event of on fucous
[2021-08-27 15:34:26.149] [info]  app_version 0.0.2
[2021-08-27 15:34:30.229] [info]  event of on blue
[2021-08-27 15:34:30.882] [info]  event of on fucous
[2021-08-27 15:34:33.781] [info]  event of on blue
[2021-08-27 15:34:45.985] [info]  event of on fucous
[2021-08-27 15:35:44.275] [info]  event of on fucous
[2021-08-27 15:35:44.884] [info]  app_version 0.0.2
[2021-08-27 15:35:46.196] [info]  event of on blue
[2021-08-27 15:36:17.160] [info]  event of on fucous
[2021-08-27 15:36:17.500] [info]  event of on blue
[2021-08-27 15:36:21.530] [info]  event of on fucous
[2021-08-27 15:36:27.475] [info]  event of on blue
[2021-08-27 15:36:34.411] [info]  event of on fucous
[2021-08-27 15:36:35.816] [info]  event of on blue
[2021-08-27 15:37:22.457] [info]  event of on fucous
[2021-08-27 15:44:50.825] [info]  event of on fucous
[2021-08-27 15:44:51.416] [info]  app_version 0.0.2
[2021-08-27 15:44:52.296] [info]  event of on blue
[2021-08-27 15:45:06.267] [info]  event of on fucous
[2021-08-27 15:45:07.871] [info]  event of on blue
[2021-08-27 15:46:24.718] [info]  event of on fucous
[2021-08-27 15:46:40.556] [info]  event of on fucous
[2021-08-27 15:46:41.135] [info]  app_version 0.0.2
[2021-08-27 15:46:42.227] [info]  event of on blue
[2021-08-27 15:46:58.226] [info]  event of on fucous
[2021-08-27 15:46:59.399] [info]  event of on blue
[2021-08-27 15:47:22.764] [info]  event of on fucous
[2021-08-27 15:53:10.555] [info]  event of on fucous
[2021-08-27 15:53:11.048] [info]  app_version 0.0.2
[2021-08-27 15:53:14.168] [info]  event of on blue
[2021-08-27 15:53:46.955] [info]  event of on fucous
[2021-08-27 15:53:47.300] [info]  event of on blue
[2021-08-27 15:53:47.834] [info]  event of on fucous
[2021-08-27 15:53:48.077] [info]  event of on blue
[2021-08-27 15:56:36.031] [info]  event of on fucous
[2021-08-27 15:57:42.038] [info]  event of on fucous
[2021-08-27 15:57:42.669] [info]  app_version 0.0.2
[2021-08-27 15:57:43.882] [info]  event of on blue
[2021-08-27 15:57:45.572] [info]  event of on fucous
[2021-08-27 16:39:24.028] [info]  event of on fucous
[2021-08-27 16:39:24.654] [info]  event of on blue
[2021-08-27 16:39:27.153] [info]  event of on fucous
[2021-08-27 16:39:28.486] [info]  app_version 0.0.2
[2021-08-27 16:39:37.937] [info]  event of on blue
[2021-08-27 16:39:41.618] [info]  event of on fucous
[2021-08-27 16:39:42.570] [info]  event of on blue
[2021-08-27 16:39:50.934] [info]  event of on fucous
[2021-08-27 16:39:55.184] [info]  event of on blue
[2021-08-27 16:39:56.449] [info]  event of on fucous
[2021-08-27 16:39:57.034] [info]  event of on blue
[2021-08-27 16:41:13.927] [info]  event of on fucous
[2021-08-27 16:41:14.019] [info]  event of on blue
[2021-08-27 16:41:14.453] [info]  event of on fucous
[2021-08-27 16:41:14.754] [info]  app_version 0.0.2
[2021-08-27 16:41:23.552] [info]  event of on blue
[2021-08-27 16:41:28.000] [info]  event of on fucous
[2021-08-27 16:41:28.024] [info]  event of on blue
[2021-08-27 16:41:28.026] [info]  event of on fucous
[2021-08-27 16:41:28.793] [info]  event of on blue
[2021-08-27 16:41:29.228] [info]  event of on fucous
[2021-08-27 16:41:30.703] [info]  event of on blue
[2021-08-27 16:41:34.511] [info]  event of on fucous
[2021-08-27 16:41:34.881] [info]  event of on blue
[2021-08-27 16:46:52.907] [info]  event of on fucous
[2021-08-27 16:46:53.471] [info]  app_version 0.0.2
[2021-08-27 16:46:56.377] [info]  event of on blue
[2021-08-27 16:46:57.007] [info]  event of on fucous
[2021-08-27 16:46:57.473] [info]  event of on blue
[2021-08-27 16:47:00.550] [info]  event of on fucous
[2021-08-27 16:47:01.830] [info]  event of on blue
[2021-08-27 16:47:02.526] [info]  event of on fucous
[2021-08-27 16:47:03.133] [info]  event of on blue
[2021-08-27 16:47:06.649] [info]  event of on fucous
[2021-08-27 16:47:07.416] [info]  event of on blue
[2021-08-27 16:47:11.399] [info]  event of on fucous
[2021-08-27 16:47:11.845] [info]  event of on blue
[2021-08-27 16:47:15.561] [info]  event of on fucous
[2021-08-27 16:47:35.622] [info]  event of on fucous
[2021-08-27 16:47:36.199] [info]  app_version 0.0.2
[2021-08-27 16:49:24.919] [info]  event of on fucous
[2021-08-27 16:49:25.142] [info]  event of on blue
[2021-08-27 16:49:25.461] [info]  app_version 0.0.2
[2021-08-27 16:49:33.047] [info]  event of on fucous
[2021-08-27 16:49:34.005] [info]  event of on blue
[2021-08-27 16:51:49.208] [info]  event of on fucous
[2021-08-27 16:51:49.267] [info]  event of on blue
[2021-08-27 16:51:49.440] [info]  event of on fucous
[2021-08-27 16:51:49.685] [info]  app_version 0.0.2
[2021-08-27 16:52:01.615] [info]  event of on blue
[2021-08-27 16:52:15.880] [info]  event of on fucous
[2021-08-27 16:52:16.747] [info]  event of on blue
[2021-08-27 16:52:18.496] [info]  event of on fucous
[2021-08-27 16:52:19.670] [info]  event of on blue
[2021-08-27 16:52:44.263] [info]  event of on fucous
[2021-08-27 16:52:44.702] [info]  event of on blue
[2021-08-27 17:05:32.943] [info]  event of on fucous
[2021-08-27 17:05:33.011] [info]  event of on blue
[2021-08-27 17:05:33.130] [info]  event of on fucous
[2021-08-27 17:05:33.527] [info]  app_version 0.0.2
[2021-08-27 17:05:43.948] [info]  event of on blue
[2021-08-27 17:10:15.070] [info]  event of on fucous
[2021-08-27 17:10:15.073] [info]  event of on blue
[2021-08-27 17:10:15.074] [info]  event of on fucous
[2021-08-27 17:10:19.795] [info]  event of on blue
[2021-08-27 17:14:01.546] [info]  event of on fucous
[2021-08-27 17:14:01.926] [info]  event of on blue
[2021-08-27 17:14:02.531] [info]  event of on fucous
[2021-08-27 17:14:04.772] [info]  event of on blue
[2021-08-27 17:14:07.848] [info]  event of on fucous
[2021-08-27 17:37:19.834] [info]  event of on fucous
[2021-08-27 17:37:19.906] [info]  event of on blue
[2021-08-27 17:37:20.039] [info]  event of on fucous
[2021-08-27 17:37:20.444] [info]  app_version 0.0.2
[2021-08-27 17:37:27.599] [info]  event of on blue
[2021-08-27 17:38:17.839] [info]  event of on fucous
[2021-08-27 17:38:17.862] [info]  event of on blue
[2021-08-27 17:38:17.864] [info]  event of on fucous
[2021-08-27 17:38:18.988] [info]  event of on blue
[2021-08-27 17:39:38.448] [info]  event of on fucous
[2021-08-27 17:39:38.951] [info]  event of on blue
[2021-08-27 17:39:39.328] [info]  event of on fucous
[2021-08-27 17:39:58.047] [info]  event of on fucous
[2021-08-27 17:39:58.123] [info]  event of on blue
[2021-08-27 17:39:58.299] [info]  event of on fucous
[2021-08-27 17:39:58.524] [info]  app_version 0.0.2
[2021-08-27 17:40:03.540] [info]  event of on blue
[2021-08-27 17:40:22.226] [info]  event of on fucous
[2021-08-27 17:40:22.232] [info]  event of on blue
[2021-08-27 17:40:22.233] [info]  event of on fucous
[2021-08-27 17:40:23.096] [info]  event of on blue
[2021-08-27 17:40:38.326] [info]  event of on fucous
[2021-08-27 17:40:56.051] [info]  event of on fucous
[2021-08-27 17:40:56.125] [info]  event of on blue
[2021-08-27 17:40:56.265] [info]  event of on fucous
[2021-08-27 17:40:56.634] [info]  app_version 0.0.2
[2021-08-27 17:55:31.803] [info]  event of on fucous
[2021-08-27 17:55:31.876] [info]  event of on blue
[2021-08-27 17:55:32.031] [info]  event of on fucous
[2021-08-27 17:55:32.404] [info]  app_version 0.0.2
[2021-08-27 17:55:38.256] [info]  event of on blue
[2021-08-27 17:55:42.326] [info]  event of on fucous
[2021-08-27 17:55:42.332] [info]  event of on blue
[2021-08-27 17:55:42.334] [info]  event of on fucous
[2021-08-27 17:55:45.346] [info]  logurl: https://github.com/TirthrajRao/Time-Doctor-App/releases/download/v0.0.3/rao-doctor-0.0.3.deb
[2021-08-27 17:55:47.375] [info]  event of on blue
[2021-08-27 17:56:06.914] [info]  event of on fucous
[2021-08-27 17:56:06.915] [info]  event of on blue
[2021-08-27 17:56:06.916] [info]  event of on fucous
[2021-08-27 17:56:08.334] [info]  event of on blue
[2021-08-27 17:56:09.170] [info]  event of on fucous
[2021-08-27 17:56:33.640] [info]  event of on blue
[2021-08-27 17:56:34.501] [info]  event of on fucous
[2021-08-27 17:56:36.551] [info]  event of on blue
[2021-08-27 17:56:37.107] [info]  event of on fucous
[2021-08-27 17:57:19.438] [info]  event of on blue
[2021-08-27 17:57:20.147] [info]  event of on fucous
[2021-08-27 17:57:20.422] [info]  event of on blue
[2021-08-27 17:57:34.121] [info]  event of on fucous
[2021-08-27 17:57:51.259] [info]  event of on fucous
[2021-08-27 17:57:51.337] [info]  event of on blue
[2021-08-27 17:57:51.498] [info]  event of on fucous
[2021-08-27 17:57:51.858] [info]  app_version 0.0.2
[2021-08-27 17:57:54.011] [info]  event of on blue
[2021-08-27 17:57:55.174] [info]  event of on fucous
[2021-08-27 17:57:55.178] [info]  event of on blue
[2021-08-27 17:57:55.179] [info]  event of on fucous
[2021-08-27 17:57:56.620] [info]  logurl: https://github.com/TirthrajRao/Time-Doctor-App/releases/download/v0.0.3/rao-doctor-0.0.3.deb
[2021-08-27 17:57:56.735] [info]  event of on blue
[2021-08-27 17:58:00.735] [info]  event of on fucous
[2021-08-27 17:58:00.736] [info]  event of on blue
[2021-08-27 17:58:00.736] [info]  event of on fucous
[2021-08-27 17:58:01.481] [info]  event of on blue
[2021-08-27 18:35:00.495] [info]  event of on fucous
[2021-08-27 18:35:00.826] [info]  event of on blue
[2021-08-27 18:35:01.099] [info]  app_version 0.0.2
[2021-08-27 18:35:04.042] [info]  stderr: Error executing command as another user: Request dismissed

[2021-08-27 18:35:04.044] [info]  stdout: 
[2021-08-27 18:35:05.996] [info]  event of on fucous
[2021-08-27 18:35:12.445] [info]  event of on blue
[2021-08-27 18:36:33.725] [info]  event of on fucous
[2021-08-27 18:36:33.801] [info]  event of on blue
[2021-08-27 18:36:33.902] [info]  event of on fucous
[2021-08-27 18:36:34.083] [info]  event of on blue
[2021-08-27 18:36:34.391] [info]  app_version 0.0.2
[2021-08-27 18:36:35.736] [info]  stderr: Error executing command as another user: Request dismissed

[2021-08-27 18:36:35.738] [info]  stdout: 
[2021-08-27 18:36:36.006] [info]  event of on fucous
[2021-08-27 18:36:37.176] [info]  event of on blue
[2021-08-27 18:36:37.541] [info]  event of on fucous
[2021-08-27 18:36:37.990] [info]  event of on blue
[2021-08-27 18:36:52.558] [info]  event of on fucous
[2021-08-27 18:37:08.458] [info]  event of on blue
[2021-08-27 18:41:40.561] [info]  event of on fucous
[2021-08-27 18:41:40.625] [info]  event of on blue
[2021-08-27 18:41:40.764] [info]  event of on fucous
[2021-08-27 18:41:41.155] [info]  app_version 0.0.2
[2021-08-27 18:41:43.090] [info]  stderr: Error executing command as another user: Request dismissed

[2021-08-27 18:41:43.092] [info]  stdout: 
[2021-08-27 18:41:43.409] [info]  event of on blue
[2021-08-27 18:41:47.320] [info]  event of on fucous
[2021-08-27 18:41:47.989] [info]  event of on blue
[2021-08-27 18:41:53.102] [info]  event of on fucous
[2021-08-27 18:41:54.357] [info]  event of on blue
[2021-08-27 18:41:56.256] [info]  event of on fucous
[2021-08-27 18:42:00.229] [info]  event of on blue
[2021-08-27 19:05:26.713] [info]  event of on fucous
[2021-08-27 19:05:26.897] [info]  event of on blue
[2021-08-27 19:05:30.025] [info]  event of on fucous
[2021-08-27 19:05:30.915] [info]  app_version 0.0.2
[2021-08-27 19:06:11.590] [info]  event of on blue
[2021-08-27 19:06:15.823] [info]  event of on fucous
[2021-08-27 19:06:15.829] [info]  event of on blue
[2021-08-27 19:06:15.830] [info]  event of on fucous
[2021-08-27 19:06:24.999] [info]  event of on blue
[2021-08-27 19:06:25.807] [info]  event of on fucous
[2021-08-27 19:06:26.099] [info]  event of on blue
[2021-08-27 19:23:17.581] [info]  event of on fucous
[2021-08-27 19:23:18.067] [info]  app_version 0.0.2
[2021-08-27 19:26:38.472] [info]  event of on fucous
[2021-08-27 19:26:39.249] [info]  app_version 0.0.2
[2021-08-28 10:07:40.328] [info]  event of on fucous
[2021-08-28 10:07:43.837] [info]  app_version 0.0.2
[2021-08-28 10:07:58.665] [info]  event of on blue
[2021-08-28 11:07:56.212] [info]  event of on fucous
[2021-08-28 11:08:00.052] [info]  app_version 0.0.2
[2021-08-28 11:08:04.357] [info]  logurl: https://github.com/TirthrajRao/Time-Doctor-App/releases/download/v0.0.3/rao-doctor-0.0.3.deb
[2021-08-28 11:08:14.737] [info]  event of on blue
[2021-08-28 11:08:15.064] [info]  event of on fucous
[2021-08-28 11:08:21.709] [info]  event of on blue
[2021-08-28 11:08:22.152] [info]  event of on fucous
[2021-08-28 11:08:26.561] [info]  event of on blue
[2021-08-28 11:08:30.638] [info]  event of on fucous
[2021-08-28 11:08:35.134] [info]  event of on blue
[2021-08-28 11:09:33.669] [info]  event of on fucous
[2021-08-28 11:09:39.922] [info]  event of on blue
[2021-08-28 11:10:00.403] [info]  event of on fucous
[2021-08-28 11:10:01.785] [info]  event of on blue
[2021-08-28 11:10:02.717] [info]  event of on fucous
[2021-08-28 11:10:09.527] [info]  event of on blue
[2021-08-28 11:12:50.137] [info]  app_version 0.0.2
[2021-08-28 11:12:57.291] [info]  app_version 0.0.2
[2021-08-28 11:12:58.322] [info]  event of on fucous
[2021-08-28 11:13:25.593] [info]  event of on fucous
[2021-08-28 11:13:26.165] [info]  app_version 0.0.2
[2021-08-28 11:13:48.860] [info]  event of on fucous
[2021-08-28 11:13:49.364] [info]  app_version 0.0.2
[2021-08-28 11:14:12.070] [info]  event of on fucous
[2021-08-28 11:14:12.713] [info]  app_version 0.0.2
[2021-08-28 11:14:17.328] [info]  logurl: https://github.com/TirthrajRao/Time-Doctor-App/releases/download/v0.0.3/rao-doctor-0.0.3.deb
[2021-08-28 11:14:35.246] [info]  event of on blue
[2021-08-28 11:17:52.519] [info]  app_version 0.0.2
[2021-08-28 11:18:01.797] [info]  event of on fucous
[2021-08-28 11:18:02.851] [info]  event of on blue
[2021-08-28 11:18:27.077] [info]  event of on fucous
[2021-08-28 11:18:27.659] [info]  app_version 0.0.2
[2021-08-28 11:18:31.661] [info]  event of on blue
[2021-08-28 11:18:38.292] [info]  event of on fucous
[2021-08-28 11:18:39.100] [info]  app_version 0.0.2
[2021-08-28 11:18:42.811] [info]  event of on blue
[2021-08-28 11:19:05.825] [info]  event of on fucous
[2021-08-28 11:19:07.592] [info]  event of on blue
[2021-08-28 11:19:59.305] [info]  event of on fucous
[2021-08-28 11:20:00.722] [info]  event of on blue
[2021-08-28 11:20:01.206] [info]  event of on fucous
[2021-08-28 11:20:01.653] [info]  event of on blue
[2021-08-28 11:20:01.895] [info]  event of on fucous
[2021-08-28 11:21:26.037] [info]  event of on fucous
[2021-08-28 11:21:26.609] [info]  app_version 0.0.2
[2021-08-28 11:21:31.838] [info]  logurl: https://github.com/TirthrajRao/Time-Doctor-App/releases/download/v0.0.3/rao-doctor-0.0.3.deb
[2021-08-28 11:23:10.679] [info]  event of on blue
[2021-08-28 14:19:48.155] [info]  event of on fucous
[2021-08-28 14:19:48.723] [info]  app_version 0.0.2
[2021-08-28 14:19:52.412] [info]  event of on blue
[2021-08-28 14:20:01.225] [info]  event of on fucous
[2021-08-28 14:20:02.559] [info]  logurl: https://github.com/TirthrajRao/Time-Doctor-App/releases/download/v0.0.3/rao-doctor-0.0.3.deb
[2021-08-28 14:20:03.662] [info]  event of on blue
[2021-08-28 14:20:45.633] [info]  event of on fucous
[2021-08-28 14:20:45.637] [info]  event of on blue
[2021-08-28 14:20:45.638] [info]  event of on fucous
[2021-08-28 14:20:46.343] [info]  event of on blue
[2021-08-28 14:20:48.780] [info]  event of on fucous
[2021-08-28 14:21:00.943] [info]  logurl: https://github.com/TirthrajRao/Time-Doctor-App/releases/download/v0.0.3/rao-doctor-0.0.3.deb
[2021-08-28 14:21:01.089] [info]  event of on blue
[2021-08-28 14:26:07.749] [info]  event of on fucous
[2021-08-28 14:26:07.753] [info]  event of on blue
[2021-08-28 14:26:07.754] [info]  event of on fucous
[2021-08-28 14:26:08.763] [info]  event of on blue
[2021-08-28 14:53:26.246] [info]  event of on fucous
[2021-08-28 14:53:26.852] [info]  app_version 0.0.2
[2021-08-28 14:54:52.888] [info]  event of on blue
[2021-08-28 15:02:17.147] [info]  event of on fucous
[2021-08-28 15:02:17.841] [info]  event of on blue
[2021-08-28 15:02:18.158] [info]  event of on fucous
[2021-08-28 15:02:18.887] [info]  event of on blue
[2021-08-28 15:02:19.118] [info]  event of on fucous
[2021-08-28 15:02:20.554] [info]  event of on blue
[2021-08-28 15:02:20.824] [info]  event of on fucous
[2021-08-28 15:02:21.580] [info]  event of on blue
[2021-08-28 15:02:30.108] [info]  event of on fucous
[2021-08-28 15:02:31.230] [info]  event of on blue
[2021-08-28 15:25:14.558] [info]  event of on fucous
